<?xml version="1.0" encoding="UTF-8"?>
<!-- Generated by org.testng.reporters.JUnitReportReporter -->
<testsuite hostname="LAPTOP-GPFJ4528" failures="0" tests="7" name="cucumberOptions.TestNGRunner" time="0.161" errors="0" timestamp="2023-10-31T16:37:42 GMT-06:00" skipped="0">
  <testcase classname="cucumberOptions.TestNGRunner" name="runScenario" time="0.007"/>
  <testcase classname="cucumberOptions.TestNGRunner" name="runScenario" time="0.007"/>
  <testcase classname="cucumberOptions.TestNGRunner" name="runScenario" time="0.006"/>
  <testcase classname="cucumberOptions.TestNGRunner" name="runScenario" time="0.094"/>
  <testcase classname="cucumberOptions.TestNGRunner" name="runScenario" time="0.012"/>
  <testcase classname="cucumberOptions.TestNGRunner" name="runScenario" time="0.014"/>
  <testcase classname="cucumberOptions.TestNGRunner" name="runScenario" time="0.021"/>
</testsuite> <!-- cucumberOptions.TestNGRunner -->
